<?xml version="1.0" encoding="UTF-8"?>
<!-- Generated by org.testng.reporters.JUnitXMLReporter -->
<testsuite ignored="0" hostname="DESKTOP-DL4T9DR" failures="0" tests="0" name="CucumberTests" time="0.479" errors="0" timestamp="2025-09-16T16:17:47 IST">
  <testcase classname="io.cucumber.testng.AbstractTestNGCucumberTests" name="@BeforeClass setUpClass" time="0.449">
    <failure type="java.lang.IllegalAccessError" message="failed to access class io.cucumber.gherkin.GherkinDialects from class io.cucumber.core.gherkin.messages.GherkinMessagesFeatureParser (io.cucumber.gherkin.GherkinDialects and io.cucumber.core.gherkin.messages.GherkinMessagesFeatureParser are in unnamed module of loader &amp;apos;app&amp;apos;)">
      <![CDATA[java.lang.IllegalAccessError: failed to access class io.cucumber.gherkin.GherkinDialects from class io.cucumber.core.gherkin.messages.GherkinMessagesFeatureParser (io.cucumber.gherkin.GherkinDialects and io.cucumber.core.gherkin.messages.GherkinMessagesFeatureParser are in unnamed module of loader 'app')
at io.cucumber.core.gherkin.messages.GherkinMessagesFeatureParser.lambda$parse$4(GherkinMessagesFeatureParser.java:71)
at java.base/java.util.Optional.map(Optional.java:260)
at io.cucumber.core.gherkin.messages.GherkinMessagesFeatureParser.parse(GherkinMessagesFeatureParser.java:67)
at io.cucumber.core.feature.FeatureParser.parseResource(FeatureParser.java:46)
at java.base/java.util.function.BiFunction.lambda$andThen$0(BiFunction.java:70)
at io.cucumber.core.resource.ResourceScanner.lambda$processResource$1(ResourceScanner.java:79)
at io.cucumber.core.resource.PathScanner$ResourceFileVisitor.visitFile(PathScanner.java:82)
at io.cucumber.core.resource.PathScanner$ResourceFileVisitor.visitFile(PathScanner.java:67)
at java.base/java.nio.file.Files.walkFileTree(Files.java:2811)
at io.cucumber.core.resource.PathScanner.findResourcesForPath(PathScanner.java:61)
at io.cucumber.core.resource.PathScanner.findResourcesForPath(PathScanner.java:54)
at io.cucumber.core.resource.PathScanner.findResourcesForUri(PathScanner.java:34)
at io.cucumber.core.resource.ResourceScanner.findResourcesForUri(ResourceScanner.java:61)
at io.cucumber.core.resource.ResourceScanner.scanForResourcesUri(ResourceScanner.java:134)
at io.cucumber.core.runtime.FeaturePathFeatureSupplier.loadFeatures(FeaturePathFeatureSupplier.java:62)
at io.cucumber.core.runtime.FeaturePathFeatureSupplier.get(FeaturePathFeatureSupplier.java:45)
at io.cucumber.testng.TestNGCucumberRunner.<init>(TestNGCucumberRunner.java:122)
at io.cucumber.testng.AbstractTestNGCucumberTests.setUpClass(AbstractTestNGCucumberTests.java:27)
at java.base/java.util.ArrayList.forEach(ArrayList.java:1511)
... Removed 25 stack frames]]>
    </failure>
  </testcase> <!-- @BeforeClass setUpClass -->
</testsuite> <!-- CucumberTests -->
